     1                                  bits 32 ; assembling for the 32 bits architecture
     2                                  
     3                                  ; declare the EntryPoint (a label defining the very first instruction of the program)
     4                                  global start        
     5                                  
     6                                  ; declare external functions needed by our program
     7                                  extern exit               ; tell nasm that exit exists even if we won't be defining it
     8                                  import exit msvcrt.dll    ; exit is a function that ends the calling process. It is defined in msvcrt.dll
     9                                                            ; msvcrt.dll contains exit, printf and all the other important C-runtime specific functions
    10                                  
    11                                  ; our data is declared here (the variables needed by our program)
    12                                  segment data use32 class=data
    13 00000000 02                          a db 2
    14 00000001 01                          b db 1
    15 00000002 0A                          c db 10
    16 00000003 03                          d db 3
    17                                      
    18                                  ; our code starts here
    19                                  segment code use32 class=code
    20                                      start:
    21                                          ;a-b+(c-d+a)
    22 00000000 8A25[00000000]                  mov AH, [a]
    23 00000006 2A25[01000000]                  sub AH, [b]
    24 0000000C 8A3D[02000000]                  mov BH, [c]
    25 00000012 2A3D[03000000]                  sub BH, [d]
    26 00000018 023D[00000000]                  add BH, [a]
    27 0000001E 00FC                            add AH, BH
    28                                      
    29                                          ; exit(0)
    30 00000020 6A00                            push    dword 0      ; push the parameter for exit onto the stack
    31 00000022 FF15[00000000]                  call    [exit]       ; call exit to terminate the program
