     1                                  bits 32 ; assembling for the 32 bits architecture
     2                                  
     3                                  ; declare the EntryPoint (a label defining the very first instruction of the program)
     4                                  global start        
     5                                  
     6                                  ; declare external functions needed by our program
     7                                  extern exit               ; tell nasm that exit exists even if we won't be defining it
     8                                  import exit msvcrt.dll    ; exit is a function that ends the calling process. It is defined in msvcrt.dll
     9                                                            ; msvcrt.dll contains exit, printf and all the other important C-runtime specific functions
    10                                  
    11                                  ; our data is declared here (the variables needed by our program)
    12                                  segment data use32 class=data
    13                                      ; ...
    14                                  
    15                                  ; our code starts here
    16                                  segment code use32 class=code
    17                                      start:
    18 00000000 B0FC                            mov AL, -4
    19 00000002 B302                            mov BL, 2
    20 00000004 38D8                            cmp AL, BL
    21 00000006 7F04                            JG et2
    22                                          et1:
    23 00000008 88C1                                mov CL, AL
    24 0000000A EB02                                jmp iesire
    25                                          et2:
    26 0000000C 88D9                                mov CL, BL
    27                                          iesire:
    28 0000000E 6A00                            push    dword 0      ; push the parameter for exit onto the stack
    29 00000010 FF15[00000000]                  call    [exit]       ; call exit to terminate the program
