     1                                  ;Problema. Se da un sir de valori numerice intregi reprezentate pe quadworduri.
     2                                  ;Sa se determine suma cifrelor numarului multiplilor de 8 din sirul octetilor 
     3                                  ;inferiori ai cuvintelor superioare ai dublucuvintelor superioare din elementele sirului de quadworduri.
     4                                  
     5                                  
     6                                  ;Solutie: Parcurgand sirul de quadworduri vom obtine intai numarul multiplilor de 8 din 
     7                                  ;sirul octetilor inferiori ai cuvintelor superioare ai dublucuvintelor superioare din elementele sirului. Apoi vom obtine 
     8                                  ;cifrele acestui numar prin impartiri succesive la 10 si vom calcula suma lor.
     9                                  
    10                                  bits 32 
    11                                  global start
    12                                  extern exit, printf; tell nasm that exit exists even if we won't be defining it
    13                                  import exit msvcrt.dll; exit is a function that ends the calling process. It is defined in msvcrt.dll 
    14                                  import printf msvcrt.dll
    15                                  ; our data is declared here (the variables needed by our program)
    16                                  segment data use32 class=data
    17 00000000 B0BC0A1110311200D2-     	sir  dq  123110110abcb0h,1116adcb5a051ad2h,4120ca11d730cbb0h
    17 00000009 1A055ACBAD1611B0CB-
    17 00000012 30D711CA2041       
    18                                  	len equ ($-sir)/8;lungimea sirului (in dublucuvinte)
    19 00000018 08                      	opt db 8;variabila folosita pentru testarea divizibilitatii cu 8
    20 00000019 0A00                    	zece dw 10;variabila folosita pentru determinarea cifrelor unui numar prin impartiri succesive la 10
    21 0000001B 00000000                	suma dd  0;variabila in care retinem suma cifrelor 
    22 0000001F 256400                      format db "%d", 0
    23                                      
    24                                  ; our code starts here
    25                                  segment code use32 class=code
    26                                      start:
    27 00000000 BE[00000000]            	mov esi, sir
    28 00000005 FC                      	cld;parcurgem sirul de la stanga la dreapta (DF=0).    
    29 00000006 B903000000              	mov ecx, len;vom parcurge elementele sirului intr-o bucla loop cu len iteratii.
    30 0000000B BB00000000              	mov ebx, 0;in registrul ebx vom retine numarul multiplilor lui 8.
    31                                  	repeta:
    32 00000010 AD                      		lodsd;in eax vom avea dublucuvantul mai putin semnificativ al quadword-ului curent din sir
    33 00000011 AD                      		lodsd;in eax vom avea dublucuvantul cel mai semnificativ al quadword-ului curent din sir
    34 00000012 C1E810                  		shr eax, 16
    35 00000015 B400                    		mov ah, 0;ne intereseaza doar octetul mai putin semnificativ din acest cuvant (AL)
    36                                        
    37 00000017 F635[18000000]          		div byte[opt];vedem daca al este divizibil cu 8
    38 0000001D 80FC00                  		cmp ah, 0;daca restul nu este 0, reluam ciclul repeta. 
    39                                  				;Altfel incrementam numarul multiplilor de 8 din registrul ebx. 
    40 00000020 7501                    		jnz nonmultiplu
    41 00000022 43                      		inc ebx
    42                                  
    43                                  		nonmultiplu:
    44 00000023 E2EB                    	loop repeta;daca mai sunt elemente de parcurs(ecx>0) reia ciclul.
    45                                  
    46                                  	;mai departe, obtinem cifrele numarului ebx in baza 10 prin impartiri succesive la 10 si calculam suma acestor cifre. 
    47                                  
    48 00000025 89D8                    	mov eax, ebx
    49 00000027 BA00000000              	mov edx, 0
    50                                      
    51                                  	transf:
    52 0000002C F735[19000000]          		div dword[zece];impartim la 10 numarul din registrul ca sa aflam ultima cifra; aceasta cifra se afla in EDX
    53 00000032 0115[1B000000]          		add dword[suma], edx;adunam cifra la suma.
    54 00000038 83F800                  		cmp eax, 0
    55 0000003B 7407                    	jz sfarsit;daca catul este 0 inseamna ca am obtinut toate cifrele si putem parasi bucla transf
    56                                  				;Altfel, il pregatim pentru o noua iteratie 
    57 0000003D BA00000000              	mov edx, 0				
    58 00000042 EBE8                    	jmp transf;reluam bucla pentru obtinerea unei noi cifre.
    59                                  
    60                                  sfarsit:;incheiem programul.
    61                                  
    62 00000044 FF35[1B000000]              push dword[suma]
    63 0000004A 68[1F000000]                push format
    64 0000004F FF15[00000000]              call [printf]
    65 00000055 83C408                      add esp, 4 * 2
    66                                             
    67 00000058 6A00                            push dword 0; push the parameter for exit onto the stack
    68 0000005A FF15[00000000]                  call [exit]; call exit to terminate the program
